<?xml version="1.0" encoding="UTF-8"?>
<testsuite name="com.example.breach.RandomUnitTestClass" tests="1" skipped="0" failures="0" errors="0" timestamp="2024-01-08T11:04:30" hostname="fv-az841-706" time="0.004">
  <properties/>
  <testcase name="verifyUtilMethod1" classname="com.example.breach.RandomUnitTestClass" time="0.004"/>
  <system-out><![CDATA[]]></system-out>
  <system-err><![CDATA[]]></system-err>
</testsuite>
