<?xml version="1.0" encoding="UTF-8"?>
<testsuite name="com.example.breach.ExampleUnitTest" tests="1" skipped="0" failures="0" errors="0" timestamp="2024-01-09T06:57:22" hostname="fv-az1433-659" time="0.003">
  <properties/>
  <testcase name="addition_isCorrect" classname="com.example.breach.ExampleUnitTest" time="0.003"/>
  <system-out><![CDATA[]]></system-out>
  <system-err><![CDATA[]]></system-err>
</testsuite>
